3/31/2025 12:00:15 AM: [~] Attempting to start OneDrive...
3/31/2025 12:00:15 AM: [+] Started OneDrive from: C:\\Program Files\\Microsoft OneDrive\\OneDrive.exe
3/31/2025 12:00:45 AM: [~] Attempting to start OneDrive...
3/31/2025 12:00:45 AM: [+] Started OneDrive from: C:\\Program Files\\Microsoft OneDrive\\OneDrive.exe
3/31/2025 12:01:15 AM: [~] Attempting to start OneDrive...
3/31/2025 12:01:15 AM: [+] Started OneDrive from: C:\\Program Files\\Microsoft OneDrive\\OneDrive.exe
3/31/2025 12:01:45 AM: [~] Attempting to start OneDrive...
3/31/2025 12:01:45 AM: [+] Started OneDrive from: C:\\Program Files\\Microsoft OneDrive\\OneDrive.exe
3/31/2025 12:02:15 AM: [~] Attempting to start OneDrive...
3/31/2025 12:02:15 AM: [+] Started OneDrive from: C:\\Program Files\\Microsoft OneDrive\\OneDrive.exe
3/31/2025 12:02:18 AM: [~] Attempting to kill OneDrive...
3/31/2025 12:02:18 AM: [~] Killing OneDrive: Id=46800, SessionId=0, StartTime=3/31/2025 12:02:15 AM
3/31/2025 12:02:18 AM: [-] Successfully killed OneDrive process
3/31/2025 12:02:18 AM: [!] Error killing OneDrive: Cannot process request because the process (43880) has exited.
3/31/2025 12:02:45 AM: [~] Attempting to start OneDrive...
3/31/2025 12:02:45 AM: [+] Started OneDrive from: C:\\Program Files\\Microsoft OneDrive\\OneDrive.exe
3/31/2025 12:02:48 AM: [~] Attempting to kill OneDrive...
3/31/2025 12:02:48 AM: [~] Killing OneDrive: Id=51572, SessionId=0, StartTime=3/31/2025 12:02:45 AM
3/31/2025 12:02:48 AM: [-] Successfully killed OneDrive process
3/31/2025 12:02:48 AM: [!] Error killing OneDrive: Cannot process request because the process (41616) has exited.
3/31/2025 12:03:15 AM: [~] Attempting to start OneDrive...
3/31/2025 12:03:15 AM: [+] Started OneDrive from: C:\\Program Files\\Microsoft OneDrive\\OneDrive.exe
3/31/2025 12:03:18 AM: [~] Attempting to kill OneDrive...
3/31/2025 12:03:18 AM: [~] Killing OneDrive: Id=51664, SessionId=0, StartTime=3/31/2025 12:03:15 AM
3/31/2025 12:03:18 AM: [-] Successfully killed OneDrive process
3/31/2025 12:03:18 AM: [~] Killing OneDrive: Id=51604, SessionId=0, StartTime=3/31/2025 12:03:16 AM
3/31/2025 12:03:18 AM: [-] Successfully killed OneDrive process
3/31/2025 12:03:45 AM: [~] Attempting to start OneDrive...
3/31/2025 12:03:45 AM: [+] Started OneDrive from: C:\\Program Files\\Microsoft OneDrive\\OneDrive.exe
3/31/2025 12:04:15 AM: [~] Attempting to start OneDrive...
3/31/2025 12:04:16 AM: [+] Started OneDrive from: C:\\Program Files\\Microsoft OneDrive\\OneDrive.exe
3/31/2025 12:04:46 AM: [~] Attempting to start OneDrive...
3/31/2025 12:04:46 AM: [+] Started OneDrive from: C:\\Program Files\\Microsoft OneDrive\\OneDrive.exe
3/31/2025 12:05:16 AM: [~] Attempting to start OneDrive...
3/31/2025 12:05:16 AM: [+] Started OneDrive from: C:\\Program Files\\Microsoft OneDrive\\OneDrive.exe
3/31/2025 12:05:18 AM: [~] Attempting to kill OneDrive...
3/31/2025 12:05:18 AM: [~] Killing OneDrive: Id=25796, SessionId=0, StartTime=3/31/2025 12:05:16 AM
3/31/2025 12:05:18 AM: [-] Successfully killed OneDrive process
3/31/2025 12:05:18 AM: [~] Killing OneDrive: Id=52008, SessionId=0, StartTime=3/31/2025 12:05:16 AM
3/31/2025 12:05:18 AM: [-] Successfully killed OneDrive process
3/31/2025 12:05:46 AM: [~] Attempting to start OneDrive...
3/31/2025 12:05:46 AM: [+] Started OneDrive from: C:\\Program Files\\Microsoft OneDrive\\OneDrive.exe
3/31/2025 12:06:16 AM: [~] Attempting to start OneDrive...
3/31/2025 12:06:16 AM: [+] Started OneDrive from: C:\\Program Files\\Microsoft OneDrive\\OneDrive.exe
3/31/2025 12:06:46 AM: [~] Attempting to start OneDrive...
3/31/2025 12:06:46 AM: [+] Started OneDrive from: C:\\Program Files\\Microsoft OneDrive\\OneDrive.exe
3/31/2025 12:07:16 AM: [~] Attempting to start OneDrive...
3/31/2025 12:07:16 AM: [+] Started OneDrive from: C:\\Program Files\\Microsoft OneDrive\\OneDrive.exe
3/31/2025 12:07:46 AM: [~] Attempting to start OneDrive...
3/31/2025 12:07:46 AM: [+] Started OneDrive from: C:\\Program Files\\Microsoft OneDrive\\OneDrive.exe
3/31/2025 12:08:16 AM: [~] Attempting to start OneDrive...
3/31/2025 12:08:16 AM: [+] Started OneDrive from: C:\\Program Files\\Microsoft OneDrive\\OneDrive.exe
3/31/2025 12:08:46 AM: [~] Attempting to start OneDrive...
3/31/2025 12:08:46 AM: [+] Started OneDrive from: C:\\Program Files\\Microsoft OneDrive\\OneDrive.exe
3/31/2025 12:09:16 AM: [~] Attempting to start OneDrive...
3/31/2025 12:09:16 AM: [+] Started OneDrive from: C:\\Program Files\\Microsoft OneDrive\\OneDrive.exe
3/31/2025 12:09:46 AM: [~] Attempting to start OneDrive...
3/31/2025 12:09:46 AM: [+] Started OneDrive from: C:\\Program Files\\Microsoft OneDrive\\OneDrive.exe
3/31/2025 12:10:16 AM: [~] Attempting to start OneDrive...
3/31/2025 12:10:16 AM: [+] Started OneDrive from: C:\\Program Files\\Microsoft OneDrive\\OneDrive.exe
3/31/2025 12:10:46 AM: [~] Attempting to start OneDrive...
3/31/2025 12:10:46 AM: [+] Started OneDrive from: C:\\Program Files\\Microsoft OneDrive\\OneDrive.exe
3/31/2025 12:11:16 AM: [~] Attempting to start OneDrive...
3/31/2025 12:11:16 AM: [+] Started OneDrive from: C:\\Program Files\\Microsoft OneDrive\\OneDrive.exe
3/31/2025 12:11:46 AM: [~] Attempting to start OneDrive...
3/31/2025 12:11:46 AM: [+] Started OneDrive from: C:\\Program Files\\Microsoft OneDrive\\OneDrive.exe
3/31/2025 12:11:48 AM: [~] Attempting to kill OneDrive...
3/31/2025 12:11:48 AM: [~] Killing OneDrive: Id=49252, SessionId=0, StartTime=3/31/2025 12:11:46 AM
3/31/2025 12:11:48 AM: [-] Successfully killed OneDrive process
3/31/2025 12:11:48 AM: [!] Error killing OneDrive: Cannot process request because the process (40888) has exited.
3/31/2025 12:12:16 AM: [~] Attempting to start OneDrive...
3/31/2025 12:12:16 AM: [+] Started OneDrive from: C:\\Program Files\\Microsoft OneDrive\\OneDrive.exe
3/31/2025 12:12:46 AM: [~] Attempting to start OneDrive...
3/31/2025 12:12:46 AM: [+] Started OneDrive from: C:\\Program Files\\Microsoft OneDrive\\OneDrive.exe
3/31/2025 12:12:48 AM: [~] Attempting to kill OneDrive...
3/31/2025 12:12:48 AM: [~] Killing OneDrive: Id=51656, SessionId=0, StartTime=3/31/2025 12:12:46 AM
3/31/2025 12:12:48 AM: [-] Successfully killed OneDrive process
3/31/2025 12:12:48 AM: [!] Error killing OneDrive: Cannot process request because the process (50008) has exited.
3/31/2025 12:13:16 AM: [~] Attempting to start OneDrive...
3/31/2025 12:13:16 AM: [+] Started OneDrive from: C:\\Program Files\\Microsoft OneDrive\\OneDrive.exe
3/31/2025 12:13:46 AM: [~] Attempting to start OneDrive...
3/31/2025 12:13:46 AM: [+] Started OneDrive from: C:\\Program Files\\Microsoft OneDrive\\OneDrive.exe
3/31/2025 12:14:16 AM: [~] Attempting to start OneDrive...
3/31/2025 12:14:16 AM: [+] Started OneDrive from: C:\\Program Files\\Microsoft OneDrive\\OneDrive.exe
3/31/2025 12:14:46 AM: [~] Attempting to start OneDrive...
3/31/2025 12:14:46 AM: [+] Started OneDrive from: C:\\Program Files\\Microsoft OneDrive\\OneDrive.exe
3/31/2025 12:15:16 AM: [~] Attempting to start OneDrive...
3/31/2025 12:15:16 AM: [+] Started OneDrive from: C:\\Program Files\\Microsoft OneDrive\\OneDrive.exe
3/31/2025 12:15:46 AM: [~] Attempting to start OneDrive...
3/31/2025 12:15:46 AM: [+] Started OneDrive from: C:\\Program Files\\Microsoft OneDrive\\OneDrive.exe
3/31/2025 12:15:48 AM: [~] Attempting to kill OneDrive...
3/31/2025 12:16:16 AM: [~] Attempting to start OneDrive...
3/31/2025 12:16:16 AM: [+] Started OneDrive from: C:\\Program Files\\Microsoft OneDrive\\OneDrive.exe
3/31/2025 12:16:46 AM: [~] Attempting to start OneDrive...
3/31/2025 12:16:46 AM: [+] Started OneDrive from: C:\\Program Files\\Microsoft OneDrive\\OneDrive.exe
3/31/2025 12:17:16 AM: [~] Attempting to start OneDrive...
3/31/2025 12:17:16 AM: [+] Started OneDrive from: C:\\Program Files\\Microsoft OneDrive\\OneDrive.exe
3/31/2025 12:17:46 AM: [~] Attempting to start OneDrive...
3/31/2025 12:17:46 AM: [+] Started OneDrive from: C:\\Program Files\\Microsoft OneDrive\\OneDrive.exe
3/31/2025 12:18:16 AM: [~] Attempting to start OneDrive...
3/31/2025 12:18:16 AM: [+] Started OneDrive from: C:\\Program Files\\Microsoft OneDrive\\OneDrive.exe
3/31/2025 12:18:46 AM: [~] Attempting to start OneDrive...
3/31/2025 12:18:46 AM: [+] Started OneDrive from: C:\\Program Files\\Microsoft OneDrive\\OneDrive.exe
3/31/2025 12:19:16 AM: [~] Attempting to start OneDrive...
3/31/2025 12:19:16 AM: [+] Started OneDrive from: C:\\Program Files\\Microsoft OneDrive\\OneDrive.exe
3/31/2025 12:19:46 AM: [~] Attempting to start OneDrive...
3/31/2025 12:19:46 AM: [+] Started OneDrive from: C:\\Program Files\\Microsoft OneDrive\\OneDrive.exe
3/31/2025 12:20:16 AM: [~] Attempting to start OneDrive...
3/31/2025 12:20:16 AM: [+] Started OneDrive from: C:\\Program Files\\Microsoft OneDrive\\OneDrive.exe
3/31/2025 12:20:46 AM: [~] Attempting to start OneDrive...
3/31/2025 12:20:46 AM: [+] Started OneDrive from: C:\\Program Files\\Microsoft OneDrive\\OneDrive.exe
3/31/2025 12:21:16 AM: [~] Attempting to start OneDrive...
3/31/2025 12:21:16 AM: [+] Started OneDrive from: C:\\Program Files\\Microsoft OneDrive\\OneDrive.exe
3/31/2025 12:21:46 AM: [~] Attempting to start OneDrive...
3/31/2025 12:21:46 AM: [+] Started OneDrive from: C:\\Program Files\\Microsoft OneDrive\\OneDrive.exe
3/31/2025 12:22:16 AM: [~] Attempting to start OneDrive...
3/31/2025 12:22:16 AM: [+] Started OneDrive from: C:\\Program Files\\Microsoft OneDrive\\OneDrive.exe
3/31/2025 12:22:46 AM: [~] Attempting to start OneDrive...
3/31/2025 12:22:46 AM: [+] Started OneDrive from: C:\\Program Files\\Microsoft OneDrive\\OneDrive.exe
3/31/2025 12:23:16 AM: [~] Attempting to start OneDrive...
3/31/2025 12:23:16 AM: [+] Started OneDrive from: C:\\Program Files\\Microsoft OneDrive\\OneDrive.exe
3/31/2025 12:23:46 AM: [~] Attempting to start OneDrive...
3/31/2025 12:23:46 AM: [+] Started OneDrive from: C:\\Program Files\\Microsoft OneDrive\\OneDrive.exe
3/31/2025 12:24:16 AM: [~] Attempting to start OneDrive...
3/31/2025 12:24:16 AM: [+] Started OneDrive from: C:\\Program Files\\Microsoft OneDrive\\OneDrive.exe
3/31/2025 12:24:46 AM: [~] Attempting to start OneDrive...
3/31/2025 12:24:46 AM: [+] Started OneDrive from: C:\\Program Files\\Microsoft OneDrive\\OneDrive.exe
3/31/2025 12:25:16 AM: [~] Attempting to start OneDrive...
3/31/2025 12:25:16 AM: [+] Started OneDrive from: C:\\Program Files\\Microsoft OneDrive\\OneDrive.exe
3/31/2025 12:25:46 AM: [~] Attempting to start OneDrive...
3/31/2025 12:25:46 AM: [+] Started OneDrive from: C:\\Program Files\\Microsoft OneDrive\\OneDrive.exe
3/31/2025 12:26:16 AM: [~] Attempting to start OneDrive...
3/31/2025 12:26:16 AM: [+] Started OneDrive from: C:\\Program Files\\Microsoft OneDrive\\OneDrive.exe
3/31/2025 12:26:46 AM: [~] Attempting to start OneDrive...
3/31/2025 12:26:46 AM: [+] Started OneDrive from: C:\\Program Files\\Microsoft OneDrive\\OneDrive.exe
3/31/2025 12:27:16 AM: [~] Attempting to start OneDrive...
3/31/2025 12:27:16 AM: [+] Started OneDrive from: C:\\Program Files\\Microsoft OneDrive\\OneDrive.exe
3/31/2025 12:27:46 AM: [~] Attempting to start OneDrive...
3/31/2025 12:27:46 AM: [+] Started OneDrive from: C:\\Program Files\\Microsoft OneDrive\\OneDrive.exe
3/31/2025 12:27:49 AM: [~] Attempting to kill OneDrive...
3/31/2025 12:27:49 AM: [~] Killing OneDrive: Id=27344, SessionId=0, StartTime=3/31/2025 12:27:46 AM
3/31/2025 12:27:49 AM: [-] Successfully killed OneDrive process
3/31/2025 12:27:49 AM: [~] Killing OneDrive: Id=42016, SessionId=0, StartTime=3/31/2025 12:27:47 AM
3/31/2025 12:27:49 AM: [-] Successfully killed OneDrive process
3/31/2025 12:28:16 AM: [~] Attempting to start OneDrive...
3/31/2025 12:28:16 AM: [+] Started OneDrive from: C:\\Program Files\\Microsoft OneDrive\\OneDrive.exe
3/31/2025 12:28:46 AM: [~] Attempting to start OneDrive...
3/31/2025 12:28:46 AM: [+] Started OneDrive from: C:\\Program Files\\Microsoft OneDrive\\OneDrive.exe
3/31/2025 12:29:16 AM: [~] Attempting to start OneDrive...
3/31/2025 12:29:16 AM: [+] Started OneDrive from: C:\\Program Files\\Microsoft OneDrive\\OneDrive.exe
3/31/2025 12:29:46 AM: [~] Attempting to start OneDrive...
3/31/2025 12:29:46 AM: [+] Started OneDrive from: C:\\Program Files\\Microsoft OneDrive\\OneDrive.exe
3/31/2025 12:30:16 AM: [~] Attempting to start OneDrive...
3/31/2025 12:30:16 AM: [+] Started OneDrive from: C:\\Program Files\\Microsoft OneDrive\\OneDrive.exe
3/31/2025 12:30:46 AM: [~] Attempting to start OneDrive...
3/31/2025 12:30:46 AM: [+] Started OneDrive from: C:\\Program Files\\Microsoft OneDrive\\OneDrive.exe
3/31/2025 12:31:16 AM: [~] Attempting to start OneDrive...
3/31/2025 12:31:16 AM: [+] Started OneDrive from: C:\\Program Files\\Microsoft OneDrive\\OneDrive.exe
3/31/2025 12:31:46 AM: [~] Attempting to start OneDrive...
3/31/2025 12:31:46 AM: [+] Started OneDrive from: C:\\Program Files\\Microsoft OneDrive\\OneDrive.exe
3/31/2025 12:32:16 AM: [~] Attempting to start OneDrive...
3/31/2025 12:32:16 AM: [+] Started OneDrive from: C:\\Program Files\\Microsoft OneDrive\\OneDrive.exe
3/31/2025 12:32:46 AM: [~] Attempting to start OneDrive...
3/31/2025 12:32:46 AM: [+] Started OneDrive from: C:\\Program Files\\Microsoft OneDrive\\OneDrive.exe
3/31/2025 12:33:16 AM: [~] Attempting to start OneDrive...
3/31/2025 12:33:16 AM: [+] Started OneDrive from: C:\\Program Files\\Microsoft OneDrive\\OneDrive.exe
3/31/2025 12:33:46 AM: [~] Attempting to start OneDrive...
3/31/2025 12:33:46 AM: [+] Started OneDrive from: C:\\Program Files\\Microsoft OneDrive\\OneDrive.exe
3/31/2025 12:34:16 AM: [~] Attempting to start OneDrive...
3/31/2025 12:34:16 AM: [+] Started OneDrive from: C:\\Program Files\\Microsoft OneDrive\\OneDrive.exe
3/31/2025 12:34:19 AM: [~] Attempting to kill OneDrive...
3/31/2025 12:34:19 AM: [~] Killing OneDrive: Id=47608, SessionId=0, StartTime=3/31/2025 12:34:16 AM
3/31/2025 12:34:19 AM: [-] Successfully killed OneDrive process
3/31/2025 12:34:19 AM: [~] Killing OneDrive: Id=17440, SessionId=0, StartTime=3/31/2025 12:34:17 AM
3/31/2025 12:34:19 AM: [-] Successfully killed OneDrive process
3/31/2025 12:34:46 AM: [~] Attempting to start OneDrive...
3/31/2025 12:34:46 AM: [+] Started OneDrive from: C:\\Program Files\\Microsoft OneDrive\\OneDrive.exe
3/31/2025 12:35:17 AM: [~] Attempting to start OneDrive...
3/31/2025 12:35:17 AM: [+] Started OneDrive from: C:\\Program Files\\Microsoft OneDrive\\OneDrive.exe
3/31/2025 12:35:47 AM: [~] Attempting to start OneDrive...
3/31/2025 12:35:47 AM: [+] Started OneDrive from: C:\\Program Files\\Microsoft OneDrive\\OneDrive.exe
3/31/2025 12:36:17 AM: [~] Attempting to start OneDrive...
3/31/2025 12:36:17 AM: [+] Started OneDrive from: C:\\Program Files\\Microsoft OneDrive\\OneDrive.exe
3/31/2025 12:36:47 AM: [~] Attempting to start OneDrive...
3/31/2025 12:36:47 AM: [+] Started OneDrive from: C:\\Program Files\\Microsoft OneDrive\\OneDrive.exe
3/31/2025 12:37:17 AM: [~] Attempting to start OneDrive...
3/31/2025 12:37:17 AM: [+] Started OneDrive from: C:\\Program Files\\Microsoft OneDrive\\OneDrive.exe
3/31/2025 12:37:47 AM: [~] Attempting to start OneDrive...
3/31/2025 12:37:47 AM: [+] Started OneDrive from: C:\\Program Files\\Microsoft OneDrive\\OneDrive.exe
3/31/2025 12:38:17 AM: [~] Attempting to start OneDrive...
3/31/2025 12:38:17 AM: [+] Started OneDrive from: C:\\Program Files\\Microsoft OneDrive\\OneDrive.exe
3/31/2025 12:38:47 AM: [~] Attempting to start OneDrive...
3/31/2025 12:38:47 AM: [+] Started OneDrive from: C:\\Program Files\\Microsoft OneDrive\\OneDrive.exe
3/31/2025 12:39:17 AM: [~] Attempting to start OneDrive...
3/31/2025 12:39:17 AM: [+] Started OneDrive from: C:\\Program Files\\Microsoft OneDrive\\OneDrive.exe
3/31/2025 12:39:47 AM: [~] Attempting to start OneDrive...
3/31/2025 12:39:47 AM: [+] Started OneDrive from: C:\\Program Files\\Microsoft OneDrive\\OneDrive.exe
3/31/2025 12:40:17 AM: [~] Attempting to start OneDrive...
3/31/2025 12:40:17 AM: [+] Started OneDrive from: C:\\Program Files\\Microsoft OneDrive\\OneDrive.exe
3/31/2025 12:40:47 AM: [~] Attempting to start OneDrive...
3/31/2025 12:40:47 AM: [+] Started OneDrive from: C:\\Program Files\\Microsoft OneDrive\\OneDrive.exe
3/31/2025 12:41:17 AM: [~] Attempting to start OneDrive...
3/31/2025 12:41:17 AM: [+] Started OneDrive from: C:\\Program Files\\Microsoft OneDrive\\OneDrive.exe
3/31/2025 12:41:47 AM: [~] Attempting to start OneDrive...
3/31/2025 12:41:47 AM: [+] Started OneDrive from: C:\\Program Files\\Microsoft OneDrive\\OneDrive.exe
3/31/2025 12:41:49 AM: [~] Attempting to kill OneDrive...
3/31/2025 12:41:49 AM: [~] Killing OneDrive: Id=32100, SessionId=0, StartTime=3/31/2025 12:41:47 AM
3/31/2025 12:41:49 AM: [-] Successfully killed OneDrive process
3/31/2025 12:41:49 AM: [~] Killing OneDrive: Id=48980, SessionId=0, StartTime=3/31/2025 12:41:47 AM
3/31/2025 12:41:49 AM: [-] Successfully killed OneDrive process
3/31/2025 12:42:17 AM: [~] Attempting to start OneDrive...
3/31/2025 12:42:17 AM: [+] Started OneDrive from: C:\\Program Files\\Microsoft OneDrive\\OneDrive.exe
3/31/2025 12:42:47 AM: [~] Attempting to start OneDrive...
3/31/2025 12:42:47 AM: [+] Started OneDrive from: C:\\Program Files\\Microsoft OneDrive\\OneDrive.exe
3/31/2025 12:42:49 AM: [~] Attempting to kill OneDrive...
3/31/2025 12:42:49 AM: [~] Killing OneDrive: Id=33880, SessionId=0, StartTime=3/31/2025 12:42:47 AM
3/31/2025 12:42:49 AM: [-] Successfully killed OneDrive process
3/31/2025 12:42:49 AM: [~] Killing OneDrive: Id=2728, SessionId=0, StartTime=3/31/2025 12:42:47 AM
3/31/2025 12:42:49 AM: [-] Successfully killed OneDrive process
3/31/2025 12:43:17 AM: [~] Attempting to start OneDrive...
3/31/2025 12:43:17 AM: [+] Started OneDrive from: C:\\Program Files\\Microsoft OneDrive\\OneDrive.exe
3/31/2025 12:43:47 AM: [~] Attempting to start OneDrive...
3/31/2025 12:43:47 AM: [+] Started OneDrive from: C:\\Program Files\\Microsoft OneDrive\\OneDrive.exe
3/31/2025 12:44:17 AM: [~] Attempting to start OneDrive...
3/31/2025 12:44:17 AM: [+] Started OneDrive from: C:\\Program Files\\Microsoft OneDrive\\OneDrive.exe
3/31/2025 12:44:47 AM: [~] Attempting to start OneDrive...
3/31/2025 12:44:47 AM: [+] Started OneDrive from: C:\\Program Files\\Microsoft OneDrive\\OneDrive.exe
3/31/2025 12:45:17 AM: [~] Attempting to start OneDrive...
3/31/2025 12:45:17 AM: [+] Started OneDrive from: C:\\Program Files\\Microsoft OneDrive\\OneDrive.exe
3/31/2025 12:45:47 AM: [~] Attempting to start OneDrive...
3/31/2025 12:45:47 AM: [+] Started OneDrive from: C:\\Program Files\\Microsoft OneDrive\\OneDrive.exe
3/31/2025 12:46:17 AM: [~] Attempting to start OneDrive...
3/31/2025 12:46:17 AM: [+] Started OneDrive from: C:\\Program Files\\Microsoft OneDrive\\OneDrive.exe
3/31/2025 12:46:47 AM: [~] Attempting to start OneDrive...
3/31/2025 12:46:47 AM: [+] Started OneDrive from: C:\\Program Files\\Microsoft OneDrive\\OneDrive.exe
3/31/2025 12:47:17 AM: [~] Attempting to start OneDrive...
3/31/2025 12:47:17 AM: [+] Started OneDrive from: C:\\Program Files\\Microsoft OneDrive\\OneDrive.exe
3/31/2025 12:47:47 AM: [~] Attempting to start OneDrive...
3/31/2025 12:47:47 AM: [+] Started OneDrive from: C:\\Program Files\\Microsoft OneDrive\\OneDrive.exe
3/31/2025 12:48:17 AM: [~] Attempting to start OneDrive...
3/31/2025 12:48:17 AM: [+] Started OneDrive from: C:\\Program Files\\Microsoft OneDrive\\OneDrive.exe
3/31/2025 12:48:47 AM: [~] Attempting to start OneDrive...
3/31/2025 12:48:47 AM: [+] Started OneDrive from: C:\\Program Files\\Microsoft OneDrive\\OneDrive.exe
3/31/2025 12:48:49 AM: [~] Attempting to kill OneDrive...
3/31/2025 12:48:49 AM: [~] Killing OneDrive: Id=5452, SessionId=0, StartTime=3/31/2025 12:48:47 AM
3/31/2025 12:48:49 AM: [-] Successfully killed OneDrive process
3/31/2025 12:48:49 AM: [!] Error killing OneDrive: Cannot process request because the process (17948) has exited.
3/31/2025 12:49:17 AM: [~] Attempting to start OneDrive...
3/31/2025 12:49:17 AM: [+] Started OneDrive from: C:\\Program Files\\Microsoft OneDrive\\OneDrive.exe
3/31/2025 12:49:19 AM: [~] Attempting to kill OneDrive...
3/31/2025 12:49:19 AM: [~] Killing OneDrive: Id=33400, SessionId=0, StartTime=3/31/2025 12:49:17 AM
3/31/2025 12:49:19 AM: [-] Successfully killed OneDrive process
3/31/2025 12:49:19 AM: [~] Killing OneDrive: Id=19664, SessionId=0, StartTime=3/31/2025 12:49:17 AM
3/31/2025 12:49:19 AM: [-] Successfully killed OneDrive process
3/31/2025 12:49:47 AM: [~] Attempting to start OneDrive...
3/31/2025 12:49:47 AM: [+] Started OneDrive from: C:\\Program Files\\Microsoft OneDrive\\OneDrive.exe
3/31/2025 12:50:17 AM: [~] Attempting to start OneDrive...
3/31/2025 12:50:17 AM: [+] Started OneDrive from: C:\\Program Files\\Microsoft OneDrive\\OneDrive.exe
3/31/2025 12:50:47 AM: [~] Attempting to start OneDrive...
3/31/2025 12:50:47 AM: [+] Started OneDrive from: C:\\Program Files\\Microsoft OneDrive\\OneDrive.exe
3/31/2025 12:51:17 AM: [~] Attempting to start OneDrive...
3/31/2025 12:51:17 AM: [+] Started OneDrive from: C:\\Program Files\\Microsoft OneDrive\\OneDrive.exe
3/31/2025 12:51:47 AM: [~] Attempting to start OneDrive...
3/31/2025 12:51:47 AM: [+] Started OneDrive from: C:\\Program Files\\Microsoft OneDrive\\OneDrive.exe
3/31/2025 12:52:17 AM: [~] Attempting to start OneDrive...
3/31/2025 12:52:17 AM: [+] Started OneDrive from: C:\\Program Files\\Microsoft OneDrive\\OneDrive.exe
3/31/2025 12:52:47 AM: [~] Attempting to start OneDrive...
3/31/2025 12:52:47 AM: [+] Started OneDrive from: C:\\Program Files\\Microsoft OneDrive\\OneDrive.exe
3/31/2025 12:53:17 AM: [~] Attempting to start OneDrive...
3/31/2025 12:53:17 AM: [+] Started OneDrive from: C:\\Program Files\\Microsoft OneDrive\\OneDrive.exe
3/31/2025 12:53:47 AM: [~] Attempting to start OneDrive...
3/31/2025 12:53:47 AM: [+] Started OneDrive from: C:\\Program Files\\Microsoft OneDrive\\OneDrive.exe
3/31/2025 12:54:17 AM: [~] Attempting to start OneDrive...
3/31/2025 12:54:17 AM: [+] Started OneDrive from: C:\\Program Files\\Microsoft OneDrive\\OneDrive.exe
3/31/2025 12:54:47 AM: [~] Attempting to start OneDrive...
3/31/2025 12:54:47 AM: [+] Started OneDrive from: C:\\Program Files\\Microsoft OneDrive\\OneDrive.exe
3/31/2025 12:55:17 AM: [~] Attempting to start OneDrive...
3/31/2025 12:55:17 AM: [+] Started OneDrive from: C:\\Program Files\\Microsoft OneDrive\\OneDrive.exe
3/31/2025 12:55:47 AM: [~] Attempting to start OneDrive...
3/31/2025 12:55:47 AM: [+] Started OneDrive from: C:\\Program Files\\Microsoft OneDrive\\OneDrive.exe
3/31/2025 12:56:17 AM: [~] Attempting to start OneDrive...
3/31/2025 12:56:17 AM: [+] Started OneDrive from: C:\\Program Files\\Microsoft OneDrive\\OneDrive.exe
3/31/2025 12:56:47 AM: [~] Attempting to start OneDrive...
3/31/2025 12:56:47 AM: [+] Started OneDrive from: C:\\Program Files\\Microsoft OneDrive\\OneDrive.exe
3/31/2025 12:57:17 AM: [~] Attempting to start OneDrive...
3/31/2025 12:57:17 AM: [+] Started OneDrive from: C:\\Program Files\\Microsoft OneDrive\\OneDrive.exe
3/31/2025 12:57:47 AM: [~] Attempting to start OneDrive...
3/31/2025 12:57:47 AM: [+] Started OneDrive from: C:\\Program Files\\Microsoft OneDrive\\OneDrive.exe
3/31/2025 12:58:17 AM: [~] Attempting to start OneDrive...
3/31/2025 12:58:17 AM: [+] Started OneDrive from: C:\\Program Files\\Microsoft OneDrive\\OneDrive.exe
3/31/2025 12:58:47 AM: [~] Attempting to start OneDrive...
3/31/2025 12:58:47 AM: [+] Started OneDrive from: C:\\Program Files\\Microsoft OneDrive\\OneDrive.exe
3/31/2025 12:59:17 AM: [~] Attempting to start OneDrive...
3/31/2025 12:59:17 AM: [+] Started OneDrive from: C:\\Program Files\\Microsoft OneDrive\\OneDrive.exe
3/31/2025 12:59:47 AM: [~] Attempting to start OneDrive...
3/31/2025 12:59:47 AM: [+] Started OneDrive from: C:\\Program Files\\Microsoft OneDrive\\OneDrive.exe
3/31/2025 1:00:17 AM: [~] Attempting to start OneDrive...
3/31/2025 1:00:17 AM: [+] Started OneDrive from: C:\\Program Files\\Microsoft OneDrive\\OneDrive.exe
3/31/2025 1:00:47 AM: [~] Attempting to start OneDrive...
3/31/2025 1:00:47 AM: [+] Started OneDrive from: C:\\Program Files\\Microsoft OneDrive\\OneDrive.exe
3/31/2025 1:01:17 AM: [~] Attempting to start OneDrive...
3/31/2025 1:01:17 AM: [+] Started OneDrive from: C:\\Program Files\\Microsoft OneDrive\\OneDrive.exe
3/31/2025 1:01:47 AM: [~] Attempting to start OneDrive...
3/31/2025 1:01:47 AM: [+] Started OneDrive from: C:\\Program Files\\Microsoft OneDrive\\OneDrive.exe
3/31/2025 1:02:17 AM: [~] Attempting to start OneDrive...
3/31/2025 1:02:17 AM: [+] Started OneDrive from: C:\\Program Files\\Microsoft OneDrive\\OneDrive.exe
3/31/2025 1:02:47 AM: [~] Attempting to start OneDrive...
3/31/2025 1:02:47 AM: [+] Started OneDrive from: C:\\Program Files\\Microsoft OneDrive\\OneDrive.exe
3/31/2025 1:03:17 AM: [~] Attempting to start OneDrive...
3/31/2025 1:03:17 AM: [+] Started OneDrive from: C:\\Program Files\\Microsoft OneDrive\\OneDrive.exe
3/31/2025 1:03:47 AM: [~] Attempting to start OneDrive...
3/31/2025 1:03:47 AM: [+] Started OneDrive from: C:\\Program Files\\Microsoft OneDrive\\OneDrive.exe
3/31/2025 1:04:17 AM: [~] Attempting to start OneDrive...
3/31/2025 1:04:17 AM: [+] Started OneDrive from: C:\\Program Files\\Microsoft OneDrive\\OneDrive.exe
3/31/2025 1:04:47 AM: [~] Attempting to start OneDrive...
3/31/2025 1:04:47 AM: [+] Started OneDrive from: C:\\Program Files\\Microsoft OneDrive\\OneDrive.exe
3/31/2025 1:04:50 AM: [~] Attempting to kill OneDrive...
3/31/2025 1:04:50 AM: [~] Killing OneDrive: Id=40820, SessionId=0, StartTime=3/31/2025 1:04:47 AM
3/31/2025 1:04:50 AM: [-] Successfully killed OneDrive process
3/31/2025 1:04:50 AM: [~] Killing OneDrive: Id=42472, SessionId=0, StartTime=3/31/2025 1:04:48 AM
3/31/2025 1:04:50 AM: [-] Successfully killed OneDrive process
3/31/2025 1:05:17 AM: [~] Attempting to start OneDrive...
3/31/2025 1:05:17 AM: [+] Started OneDrive from: C:\\Program Files\\Microsoft OneDrive\\OneDrive.exe
3/31/2025 1:05:47 AM: [~] Attempting to start OneDrive...
3/31/2025 1:05:47 AM: [+] Started OneDrive from: C:\\Program Files\\Microsoft OneDrive\\OneDrive.exe
3/31/2025 1:06:17 AM: [~] Attempting to start OneDrive...
3/31/2025 1:06:17 AM: [+] Started OneDrive from: C:\\Program Files\\Microsoft OneDrive\\OneDrive.exe
3/31/2025 1:06:20 AM: [~] Attempting to kill OneDrive...
3/31/2025 1:06:20 AM: [~] Killing OneDrive: Id=46216, SessionId=0, StartTime=3/31/2025 1:06:17 AM
3/31/2025 1:06:20 AM: [-] Successfully killed OneDrive process
3/31/2025 1:06:20 AM: [!] Error killing OneDrive: Cannot process request because the process (45484) has exited.
3/31/2025 1:06:47 AM: [~] Attempting to start OneDrive...
3/31/2025 1:06:47 AM: [+] Started OneDrive from: C:\\Program Files\\Microsoft OneDrive\\OneDrive.exe
3/31/2025 1:07:17 AM: [~] Attempting to start OneDrive...
3/31/2025 1:07:17 AM: [+] Started OneDrive from: C:\\Program Files\\Microsoft OneDrive\\OneDrive.exe
3/31/2025 1:07:47 AM: [~] Attempting to start OneDrive...
3/31/2025 1:07:47 AM: [+] Started OneDrive from: C:\\Program Files\\Microsoft OneDrive\\OneDrive.exe
3/31/2025 1:08:17 AM: [~] Attempting to start OneDrive...
3/31/2025 1:08:17 AM: [+] Started OneDrive from: C:\\Program Files\\Microsoft OneDrive\\OneDrive.exe
3/31/2025 1:08:47 AM: [~] Attempting to start OneDrive...
3/31/2025 1:08:47 AM: [+] Started OneDrive from: C:\\Program Files\\Microsoft OneDrive\\OneDrive.exe
3/31/2025 1:09:17 AM: [~] Attempting to start OneDrive...
3/31/2025 1:09:17 AM: [+] Started OneDrive from: C:\\Program Files\\Microsoft OneDrive\\OneDrive.exe
3/31/2025 1:09:47 AM: [~] Attempting to start OneDrive...
3/31/2025 1:09:47 AM: [+] Started OneDrive from: C:\\Program Files\\Microsoft OneDrive\\OneDrive.exe
3/31/2025 1:10:18 AM: [~] Attempting to start OneDrive...
3/31/2025 1:10:18 AM: [+] Started OneDrive from: C:\\Program Files\\Microsoft OneDrive\\OneDrive.exe
3/31/2025 1:10:48 AM: [~] Attempting to start OneDrive...
3/31/2025 1:10:48 AM: [+] Started OneDrive from: C:\\Program Files\\Microsoft OneDrive\\OneDrive.exe
3/31/2025 1:11:18 AM: [~] Attempting to start OneDrive...
3/31/2025 1:11:18 AM: [+] Started OneDrive from: C:\\Program Files\\Microsoft OneDrive\\OneDrive.exe
3/31/2025 1:11:48 AM: [~] Attempting to start OneDrive...
3/31/2025 1:11:48 AM: [+] Started OneDrive from: C:\\Program Files\\Microsoft OneDrive\\OneDrive.exe
3/31/2025 1:12:18 AM: [~] Attempting to start OneDrive...
3/31/2025 1:12:18 AM: [+] Started OneDrive from: C:\\Program Files\\Microsoft OneDrive\\OneDrive.exe
3/31/2025 1:12:48 AM: [~] Attempting to start OneDrive...
3/31/2025 1:12:48 AM: [+] Started OneDrive from: C:\\Program Files\\Microsoft OneDrive\\OneDrive.exe
3/31/2025 1:13:18 AM: [~] Attempting to start OneDrive...
3/31/2025 1:13:18 AM: [+] Started OneDrive from: C:\\Program Files\\Microsoft OneDrive\\OneDrive.exe
3/31/2025 1:13:20 AM: [~] Attempting to kill OneDrive...
3/31/2025 1:13:20 AM: [~] Killing OneDrive: Id=12348, SessionId=0, StartTime=3/31/2025 1:13:18 AM
3/31/2025 1:13:20 AM: [-] Successfully killed OneDrive process
3/31/2025 1:13:20 AM: [~] Killing OneDrive: Id=30660, SessionId=0, StartTime=3/31/2025 1:13:18 AM
3/31/2025 1:13:20 AM: [-] Successfully killed OneDrive process
3/31/2025 1:13:48 AM: [~] Attempting to start OneDrive...
3/31/2025 1:13:48 AM: [+] Started OneDrive from: C:\\Program Files\\Microsoft OneDrive\\OneDrive.exe
3/31/2025 1:14:18 AM: [~] Attempting to start OneDrive...
3/31/2025 1:14:18 AM: [+] Started OneDrive from: C:\\Program Files\\Microsoft OneDrive\\OneDrive.exe
3/31/2025 1:14:48 AM: [~] Attempting to start OneDrive...
3/31/2025 1:14:48 AM: [+] Started OneDrive from: C:\\Program Files\\Microsoft OneDrive\\OneDrive.exe
3/31/2025 1:15:18 AM: [~] Attempting to start OneDrive...
3/31/2025 1:15:18 AM: [+] Started OneDrive from: C:\\Program Files\\Microsoft OneDrive\\OneDrive.exe
3/31/2025 1:15:20 AM: [~] Attempting to kill OneDrive...
3/31/2025 1:15:20 AM: [~] Killing OneDrive: Id=8832, SessionId=0, StartTime=3/31/2025 1:15:18 AM
3/31/2025 1:15:20 AM: [-] Successfully killed OneDrive process
3/31/2025 1:15:48 AM: [~] Attempting to start OneDrive...
3/31/2025 1:15:48 AM: [+] Started OneDrive from: C:\\Program Files\\Microsoft OneDrive\\OneDrive.exe
3/31/2025 1:16:18 AM: [~] Attempting to start OneDrive...
3/31/2025 1:16:18 AM: [+] Started OneDrive from: C:\\Program Files\\Microsoft OneDrive\\OneDrive.exe
3/31/2025 1:16:20 AM: [~] Attempting to kill OneDrive...
3/31/2025 1:16:20 AM: [~] Killing OneDrive: Id=51444, SessionId=0, StartTime=3/31/2025 1:16:18 AM
3/31/2025 1:16:20 AM: [-] Successfully killed OneDrive process
3/31/2025 1:16:20 AM: [~] Killing OneDrive: Id=26840, SessionId=0, StartTime=3/31/2025 1:16:18 AM
3/31/2025 1:16:20 AM: [-] Successfully killed OneDrive process
3/31/2025 1:16:48 AM: [~] Attempting to start OneDrive...
3/31/2025 1:16:48 AM: [+] Started OneDrive from: C:\\Program Files\\Microsoft OneDrive\\OneDrive.exe
3/31/2025 1:17:18 AM: [~] Attempting to start OneDrive...
3/31/2025 1:17:18 AM: [+] Started OneDrive from: C:\\Program Files\\Microsoft OneDrive\\OneDrive.exe
3/31/2025 1:17:48 AM: [~] Attempting to start OneDrive...
3/31/2025 1:17:48 AM: [+] Started OneDrive from: C:\\Program Files\\Microsoft OneDrive\\OneDrive.exe
3/31/2025 1:18:18 AM: [~] Attempting to start OneDrive...
3/31/2025 1:18:18 AM: [+] Started OneDrive from: C:\\Program Files\\Microsoft OneDrive\\OneDrive.exe
3/31/2025 1:18:48 AM: [~] Attempting to start OneDrive...
3/31/2025 1:18:48 AM: [+] Started OneDrive from: C:\\Program Files\\Microsoft OneDrive\\OneDrive.exe
3/31/2025 1:18:50 AM: [~] Attempting to kill OneDrive...
3/31/2025 1:19:18 AM: [~] Attempting to start OneDrive...
3/31/2025 1:19:18 AM: [+] Started OneDrive from: C:\\Program Files\\Microsoft OneDrive\\OneDrive.exe
3/31/2025 1:19:20 AM: [~] Attempting to kill OneDrive...
3/31/2025 1:19:20 AM: [~] Killing OneDrive: Id=44016, SessionId=0, StartTime=3/31/2025 1:19:18 AM
3/31/2025 1:19:20 AM: [-] Successfully killed OneDrive process
3/31/2025 1:19:20 AM: [~] Killing OneDrive: Id=36092, SessionId=0, StartTime=3/31/2025 1:19:18 AM
3/31/2025 1:19:20 AM: [-] Successfully killed OneDrive process
3/31/2025 1:19:48 AM: [~] Attempting to start OneDrive...
3/31/2025 1:19:48 AM: [+] Started OneDrive from: C:\\Program Files\\Microsoft OneDrive\\OneDrive.exe
3/31/2025 1:19:50 AM: [~] Attempting to kill OneDrive...
3/31/2025 1:19:50 AM: [~] Killing OneDrive: Id=46596, SessionId=0, StartTime=3/31/2025 1:19:48 AM
3/31/2025 1:19:50 AM: [-] Successfully killed OneDrive process
3/31/2025 1:19:50 AM: [~] Killing OneDrive: Id=26396, SessionId=0, StartTime=3/31/2025 1:19:48 AM
3/31/2025 1:19:50 AM: [-] Successfully killed OneDrive process
3/31/2025 1:20:18 AM: [~] Attempting to start OneDrive...
3/31/2025 1:20:18 AM: [+] Started OneDrive from: C:\\Program Files\\Microsoft OneDrive\\OneDrive.exe
3/31/2025 1:20:20 AM: [~] Attempting to kill OneDrive...
3/31/2025 1:20:20 AM: [~] Killing OneDrive: Id=43408, SessionId=0, StartTime=3/31/2025 1:20:18 AM
3/31/2025 1:20:20 AM: [-] Successfully killed OneDrive process
3/31/2025 1:20:20 AM: [~] Killing OneDrive: Id=10996, SessionId=0, StartTime=3/31/2025 1:20:18 AM
3/31/2025 1:20:20 AM: [-] Successfully killed OneDrive process
3/31/2025 1:20:48 AM: [~] Attempting to start OneDrive...
3/31/2025 1:20:48 AM: [+] Started OneDrive from: C:\\Program Files\\Microsoft OneDrive\\OneDrive.exe
3/31/2025 1:20:50 AM: [~] Attempting to kill OneDrive...
3/31/2025 1:20:50 AM: [~] Killing OneDrive: Id=41884, SessionId=0, StartTime=3/31/2025 1:20:48 AM
3/31/2025 1:20:50 AM: [-] Successfully killed OneDrive process
3/31/2025 1:20:50 AM: [~] Killing OneDrive: Id=41868, SessionId=0, StartTime=3/31/2025 1:20:48 AM
3/31/2025 1:20:50 AM: [-] Successfully killed OneDrive process
3/31/2025 1:21:18 AM: [~] Attempting to start OneDrive...
3/31/2025 1:21:18 AM: [+] Started OneDrive from: C:\\Program Files\\Microsoft OneDrive\\OneDrive.exe
3/31/2025 1:21:20 AM: [~] Attempting to kill OneDrive...
3/31/2025 1:21:20 AM: [~] Killing OneDrive: Id=46640, SessionId=0, StartTime=3/31/2025 1:21:18 AM
3/31/2025 1:21:20 AM: [-] Successfully killed OneDrive process
3/31/2025 1:21:20 AM: [~] Killing OneDrive: Id=48208, SessionId=0, StartTime=3/31/2025 1:21:19 AM
3/31/2025 1:21:20 AM: [-] Successfully killed OneDrive process
3/31/2025 1:21:48 AM: [~] Attempting to start OneDrive...
3/31/2025 1:21:48 AM: [+] Started OneDrive from: C:\\Program Files\\Microsoft OneDrive\\OneDrive.exe
3/31/2025 1:21:50 AM: [~] Attempting to kill OneDrive...
3/31/2025 1:21:50 AM: [~] Killing OneDrive: Id=27568, SessionId=0, StartTime=3/31/2025 1:21:48 AM
3/31/2025 1:21:50 AM: [-] Successfully killed OneDrive process
3/31/2025 1:21:50 AM: [~] Killing OneDrive: Id=15236, SessionId=0, StartTime=3/31/2025 1:21:49 AM
3/31/2025 1:21:50 AM: [-] Successfully killed OneDrive process
3/31/2025 1:22:18 AM: [~] Attempting to start OneDrive...
3/31/2025 1:22:18 AM: [+] Started OneDrive from: C:\\Program Files\\Microsoft OneDrive\\OneDrive.exe
3/31/2025 1:22:20 AM: [~] Attempting to kill OneDrive...
3/31/2025 1:22:20 AM: [~] Killing OneDrive: Id=31092, SessionId=0, StartTime=3/31/2025 1:22:18 AM
3/31/2025 1:22:20 AM: [-] Successfully killed OneDrive process
3/31/2025 1:22:20 AM: [~] Killing OneDrive: Id=49084, SessionId=0, StartTime=3/31/2025 1:22:19 AM
3/31/2025 1:22:20 AM: [-] Successfully killed OneDrive process
3/31/2025 1:22:48 AM: [~] Attempting to start OneDrive...
3/31/2025 1:22:48 AM: [+] Started OneDrive from: C:\\Program Files\\Microsoft OneDrive\\OneDrive.exe
3/31/2025 1:22:50 AM: [~] Attempting to kill OneDrive...
3/31/2025 1:22:50 AM: [~] Killing OneDrive: Id=22952, SessionId=0, StartTime=3/31/2025 1:22:48 AM
3/31/2025 1:22:51 AM: [-] Successfully killed OneDrive process
3/31/2025 1:22:51 AM: [~] Killing OneDrive: Id=32036, SessionId=0, StartTime=3/31/2025 1:22:49 AM
3/31/2025 1:22:51 AM: [-] Successfully killed OneDrive process
3/31/2025 1:23:18 AM: [~] Attempting to start OneDrive...
3/31/2025 1:23:19 AM: [+] Started OneDrive from: C:\\Program Files\\Microsoft OneDrive\\OneDrive.exe
3/31/2025 1:23:21 AM: [~] Attempting to kill OneDrive...
3/31/2025 1:23:21 AM: [~] Killing OneDrive: Id=13896, SessionId=0, StartTime=3/31/2025 1:23:18 AM
3/31/2025 1:23:21 AM: [-] Successfully killed OneDrive process
3/31/2025 1:23:21 AM: [~] Killing OneDrive: Id=33500, SessionId=0, StartTime=3/31/2025 1:23:19 AM
3/31/2025 1:23:21 AM: [-] Successfully killed OneDrive process
3/31/2025 1:23:49 AM: [~] Attempting to start OneDrive...
3/31/2025 1:23:49 AM: [+] Started OneDrive from: C:\\Program Files\\Microsoft OneDrive\\OneDrive.exe
3/31/2025 1:23:51 AM: [~] Attempting to kill OneDrive...
3/31/2025 1:23:51 AM: [~] Killing OneDrive: Id=45672, SessionId=0, StartTime=3/31/2025 1:23:49 AM
3/31/2025 1:23:51 AM: [-] Successfully killed OneDrive process
3/31/2025 1:23:51 AM: [~] Killing OneDrive: Id=29460, SessionId=0, StartTime=3/31/2025 1:23:49 AM
3/31/2025 1:23:51 AM: [-] Successfully killed OneDrive process
3/31/2025 1:24:19 AM: [~] Attempting to start OneDrive...
3/31/2025 1:24:19 AM: [+] Started OneDrive from: C:\\Program Files\\Microsoft OneDrive\\OneDrive.exe
3/31/2025 1:24:21 AM: [~] Attempting to kill OneDrive...
3/31/2025 1:24:21 AM: [~] Killing OneDrive: Id=15432, SessionId=0, StartTime=3/31/2025 1:24:19 AM
3/31/2025 1:24:21 AM: [-] Successfully killed OneDrive process
3/31/2025 1:24:21 AM: [~] Killing OneDrive: Id=49520, SessionId=0, StartTime=3/31/2025 1:24:19 AM
3/31/2025 1:24:21 AM: [-] Successfully killed OneDrive process
3/31/2025 1:24:49 AM: [~] Attempting to start OneDrive...
3/31/2025 1:24:49 AM: [+] Started OneDrive from: C:\\Program Files\\Microsoft OneDrive\\OneDrive.exe
3/31/2025 1:24:51 AM: [~] Attempting to kill OneDrive...
3/31/2025 1:24:51 AM: [~] Killing OneDrive: Id=27200, SessionId=0, StartTime=3/31/2025 1:24:49 AM
3/31/2025 1:24:51 AM: [-] Successfully killed OneDrive process
3/31/2025 1:24:51 AM: [~] Killing OneDrive: Id=40560, SessionId=0, StartTime=3/31/2025 1:24:50 AM
3/31/2025 1:24:51 AM: [-] Successfully killed OneDrive process
3/31/2025 1:25:19 AM: [~] Attempting to start OneDrive...
3/31/2025 1:25:19 AM: [+] Started OneDrive from: C:\\Program Files\\Microsoft OneDrive\\OneDrive.exe
3/31/2025 1:25:21 AM: [~] Attempting to kill OneDrive...
3/31/2025 1:25:21 AM: [~] Killing OneDrive: Id=43340, SessionId=0, StartTime=3/31/2025 1:25:19 AM
3/31/2025 1:25:21 AM: [-] Successfully killed OneDrive process
3/31/2025 1:25:21 AM: [~] Killing OneDrive: Id=19296, SessionId=0, StartTime=3/31/2025 1:25:20 AM
3/31/2025 1:25:21 AM: [-] Successfully killed OneDrive process
3/31/2025 1:25:49 AM: [~] Attempting to start OneDrive...
3/31/2025 1:25:49 AM: [+] Started OneDrive from: C:\\Program Files\\Microsoft OneDrive\\OneDrive.exe
3/31/2025 1:25:51 AM: [~] Attempting to kill OneDrive...
3/31/2025 1:25:51 AM: [~] Killing OneDrive: Id=18084, SessionId=0, StartTime=3/31/2025 1:25:49 AM
3/31/2025 1:25:51 AM: [-] Successfully killed OneDrive process
3/31/2025 1:25:51 AM: [~] Killing OneDrive: Id=26012, SessionId=0, StartTime=3/31/2025 1:25:50 AM
3/31/2025 1:25:51 AM: [-] Successfully killed OneDrive process
3/31/2025 1:26:19 AM: [~] Attempting to start OneDrive...
3/31/2025 1:26:19 AM: [+] Started OneDrive from: C:\\Program Files\\Microsoft OneDrive\\OneDrive.exe
3/31/2025 1:26:21 AM: [~] Attempting to kill OneDrive...
3/31/2025 1:26:21 AM: [~] Killing OneDrive: Id=38512, SessionId=0, StartTime=3/31/2025 1:26:19 AM
3/31/2025 1:26:21 AM: [-] Successfully killed OneDrive process
3/31/2025 1:26:21 AM: [~] Killing OneDrive: Id=31500, SessionId=0, StartTime=3/31/2025 1:26:20 AM
3/31/2025 1:26:21 AM: [-] Successfully killed OneDrive process
3/31/2025 1:26:49 AM: [~] Attempting to start OneDrive...
3/31/2025 1:26:49 AM: [+] Started OneDrive from: C:\\Program Files\\Microsoft OneDrive\\OneDrive.exe
3/31/2025 1:26:51 AM: [~] Attempting to kill OneDrive...
3/31/2025 1:26:51 AM: [~] Killing OneDrive: Id=6780, SessionId=0, StartTime=3/31/2025 1:26:49 AM
3/31/2025 1:26:51 AM: [-] Successfully killed OneDrive process
3/31/2025 1:26:51 AM: [~] Killing OneDrive: Id=29740, SessionId=0, StartTime=3/31/2025 1:26:50 AM
3/31/2025 1:26:51 AM: [-] Successfully killed OneDrive process
3/31/2025 1:27:19 AM: [~] Attempting to start OneDrive...
3/31/2025 1:27:19 AM: [+] Started OneDrive from: C:\\Program Files\\Microsoft OneDrive\\OneDrive.exe
3/31/2025 1:27:21 AM: [~] Attempting to kill OneDrive...
3/31/2025 1:27:21 AM: [~] Killing OneDrive: Id=31800, SessionId=0, StartTime=3/31/2025 1:27:19 AM
3/31/2025 1:27:21 AM: [-] Successfully killed OneDrive process
3/31/2025 1:27:21 AM: [~] Killing OneDrive: Id=47880, SessionId=0, StartTime=3/31/2025 1:27:20 AM
3/31/2025 1:27:21 AM: [-] Successfully killed OneDrive process
3/31/2025 1:27:49 AM: [~] Attempting to start OneDrive...
3/31/2025 1:27:50 AM: [+] Started OneDrive from: C:\\Program Files\\Microsoft OneDrive\\OneDrive.exe
3/31/2025 1:27:51 AM: [~] Attempting to kill OneDrive...
3/31/2025 1:27:51 AM: [~] Killing OneDrive: Id=29320, SessionId=0, StartTime=3/31/2025 1:27:49 AM
3/31/2025 1:27:51 AM: [-] Successfully killed OneDrive process
3/31/2025 1:27:51 AM: [~] Killing OneDrive: Id=48304, SessionId=0, StartTime=3/31/2025 1:27:50 AM
3/31/2025 1:27:51 AM: [-] Successfully killed OneDrive process
3/31/2025 1:28:20 AM: [~] Attempting to start OneDrive...
3/31/2025 1:28:20 AM: [+] Started OneDrive from: C:\\Program Files\\Microsoft OneDrive\\OneDrive.exe
3/31/2025 1:28:21 AM: [~] Attempting to kill OneDrive...
3/31/2025 1:28:21 AM: [~] Killing OneDrive: Id=51264, SessionId=0, StartTime=3/31/2025 1:28:20 AM
3/31/2025 1:28:21 AM: [-] Successfully killed OneDrive process
3/31/2025 1:28:21 AM: [~] Killing OneDrive: Id=28944, SessionId=0, StartTime=3/31/2025 1:28:20 AM
3/31/2025 1:28:21 AM: [-] Successfully killed OneDrive process
3/31/2025 1:28:50 AM: [~] Attempting to start OneDrive...
3/31/2025 1:28:50 AM: [+] Started OneDrive from: C:\\Program Files\\Microsoft OneDrive\\OneDrive.exe
3/31/2025 1:28:51 AM: [~] Attempting to kill OneDrive...
3/31/2025 1:28:51 AM: [~] Killing OneDrive: Id=33324, SessionId=0, StartTime=3/31/2025 1:28:50 AM
3/31/2025 1:28:51 AM: [-] Successfully killed OneDrive process
3/31/2025 1:28:51 AM: [~] Killing OneDrive: Id=30876, SessionId=0, StartTime=3/31/2025 1:28:50 AM
3/31/2025 1:28:51 AM: [-] Successfully killed OneDrive process
3/31/2025 1:29:20 AM: [~] Attempting to start OneDrive...
3/31/2025 1:29:20 AM: [+] Started OneDrive from: C:\\Program Files\\Microsoft OneDrive\\OneDrive.exe
3/31/2025 1:29:21 AM: [~] Attempting to kill OneDrive...
3/31/2025 1:29:21 AM: [~] Killing OneDrive: Id=43372, SessionId=0, StartTime=3/31/2025 1:29:20 AM
3/31/2025 1:29:21 AM: [-] Successfully killed OneDrive process
3/31/2025 1:29:21 AM: [~] Killing OneDrive: Id=29012, SessionId=0, StartTime=3/31/2025 1:29:20 AM
3/31/2025 1:29:21 AM: [-] Successfully killed OneDrive process
3/31/2025 1:29:50 AM: [~] Attempting to start OneDrive...
3/31/2025 1:29:50 AM: [+] Started OneDrive from: C:\\Program Files\\Microsoft OneDrive\\OneDrive.exe
3/31/2025 1:29:51 AM: [~] Attempting to kill OneDrive...
3/31/2025 1:29:51 AM: [~] Killing OneDrive: Id=42496, SessionId=0, StartTime=3/31/2025 1:29:50 AM
3/31/2025 1:29:51 AM: [-] Successfully killed OneDrive process
3/31/2025 1:29:51 AM: [~] Killing OneDrive: Id=46456, SessionId=0, StartTime=3/31/2025 1:29:51 AM
3/31/2025 1:29:51 AM: [-] Successfully killed OneDrive process
3/31/2025 1:30:20 AM: [~] Attempting to start OneDrive...
3/31/2025 1:30:20 AM: [+] Started OneDrive from: C:\\Program Files\\Microsoft OneDrive\\OneDrive.exe
3/31/2025 1:30:21 AM: [~] Attempting to kill OneDrive...
3/31/2025 1:30:21 AM: [~] Killing OneDrive: Id=46904, SessionId=0, StartTime=3/31/2025 1:30:20 AM
3/31/2025 1:30:21 AM: [-] Successfully killed OneDrive process
3/31/2025 1:30:21 AM: [~] Killing OneDrive: Id=8420, SessionId=0, StartTime=3/31/2025 1:30:21 AM
3/31/2025 1:30:21 AM: [-] Successfully killed OneDrive process
3/31/2025 1:30:50 AM: [~] Attempting to start OneDrive...
3/31/2025 1:30:50 AM: [+] Started OneDrive from: C:\\Program Files\\Microsoft OneDrive\\OneDrive.exe
3/31/2025 1:30:51 AM: [~] Attempting to kill OneDrive...
3/31/2025 1:30:51 AM: [~] Killing OneDrive: Id=19012, SessionId=0, StartTime=3/31/2025 1:30:50 AM
3/31/2025 1:30:52 AM: [-] Successfully killed OneDrive process
3/31/2025 1:30:52 AM: [~] Killing OneDrive: Id=10264, SessionId=0, StartTime=3/31/2025 1:30:51 AM
3/31/2025 1:30:52 AM: [-] Successfully killed OneDrive process
3/31/2025 1:31:20 AM: [~] Attempting to start OneDrive...
3/31/2025 1:31:20 AM: [+] Started OneDrive from: C:\\Program Files\\Microsoft OneDrive\\OneDrive.exe
3/31/2025 1:31:22 AM: [~] Attempting to kill OneDrive...
3/31/2025 1:31:22 AM: [~] Killing OneDrive: Id=42020, SessionId=0, StartTime=3/31/2025 1:31:20 AM
3/31/2025 1:31:22 AM: [-] Successfully killed OneDrive process
3/31/2025 1:31:22 AM: [~] Killing OneDrive: Id=51956, SessionId=0, StartTime=3/31/2025 1:31:21 AM
3/31/2025 1:31:22 AM: [-] Successfully killed OneDrive process
3/31/2025 1:31:50 AM: [~] Attempting to start OneDrive...
3/31/2025 1:31:50 AM: [+] Started OneDrive from: C:\\Program Files\\Microsoft OneDrive\\OneDrive.exe
3/31/2025 1:31:52 AM: [~] Attempting to kill OneDrive...
3/31/2025 1:31:52 AM: [~] Killing OneDrive: Id=41512, SessionId=0, StartTime=3/31/2025 1:31:50 AM
3/31/2025 1:31:52 AM: [-] Successfully killed OneDrive process
3/31/2025 1:31:52 AM: [~] Killing OneDrive: Id=45536, SessionId=0, StartTime=3/31/2025 1:31:51 AM
3/31/2025 1:31:52 AM: [-] Successfully killed OneDrive process
3/31/2025 1:32:20 AM: [~] Attempting to start OneDrive...
3/31/2025 1:32:21 AM: [+] Started OneDrive from: C:\\Program Files\\Microsoft OneDrive\\OneDrive.exe
3/31/2025 1:32:22 AM: [~] Attempting to kill OneDrive...
3/31/2025 1:32:22 AM: [~] Killing OneDrive: Id=35564, SessionId=0, StartTime=3/31/2025 1:32:20 AM
3/31/2025 1:32:22 AM: [-] Successfully killed OneDrive process
3/31/2025 1:32:22 AM: [~] Killing OneDrive: Id=7844, SessionId=0, StartTime=3/31/2025 1:32:21 AM
3/31/2025 1:32:22 AM: [-] Successfully killed OneDrive process
3/31/2025 1:32:51 AM: [~] Attempting to start OneDrive...
3/31/2025 1:32:51 AM: [+] Started OneDrive from: C:\\Program Files\\Microsoft OneDrive\\OneDrive.exe
3/31/2025 1:32:52 AM: [~] Attempting to kill OneDrive...
3/31/2025 1:32:52 AM: [~] Killing OneDrive: Id=17768, SessionId=0, StartTime=3/31/2025 1:32:51 AM
3/31/2025 1:32:52 AM: [-] Successfully killed OneDrive process
3/31/2025 1:32:52 AM: [~] Killing OneDrive: Id=39244, SessionId=0, StartTime=3/31/2025 1:32:51 AM
3/31/2025 1:32:52 AM: [-] Successfully killed OneDrive process
3/31/2025 1:33:21 AM: [~] Attempting to start OneDrive...
3/31/2025 1:33:21 AM: [+] Started OneDrive from: C:\\Program Files\\Microsoft OneDrive\\OneDrive.exe
3/31/2025 1:33:22 AM: [~] Attempting to kill OneDrive...
3/31/2025 1:33:22 AM: [~] Killing OneDrive: Id=42732, SessionId=0, StartTime=3/31/2025 1:33:21 AM
3/31/2025 1:33:22 AM: [-] Successfully killed OneDrive process
3/31/2025 1:33:22 AM: [~] Killing OneDrive: Id=36712, SessionId=0, StartTime=3/31/2025 1:33:21 AM
3/31/2025 1:33:22 AM: [-] Successfully killed OneDrive process
3/31/2025 1:33:51 AM: [~] Attempting to start OneDrive...
3/31/2025 1:33:51 AM: [+] Started OneDrive from: C:\\Program Files\\Microsoft OneDrive\\OneDrive.exe
3/31/2025 1:33:52 AM: [~] Attempting to kill OneDrive...
3/31/2025 1:33:52 AM: [~] Killing OneDrive: Id=47280, SessionId=0, StartTime=3/31/2025 1:33:51 AM
3/31/2025 1:33:52 AM: [-] Successfully killed OneDrive process
3/31/2025 1:33:52 AM: [~] Killing OneDrive: Id=35416, SessionId=0, StartTime=3/31/2025 1:33:51 AM
3/31/2025 1:33:52 AM: [-] Successfully killed OneDrive process
3/31/2025 1:34:21 AM: [~] Attempting to start OneDrive...
3/31/2025 1:34:21 AM: [+] Started OneDrive from: C:\\Program Files\\Microsoft OneDrive\\OneDrive.exe
3/31/2025 1:34:22 AM: [~] Attempting to kill OneDrive...
3/31/2025 1:34:22 AM: [~] Killing OneDrive: Id=35584, SessionId=0, StartTime=3/31/2025 1:34:21 AM
3/31/2025 1:34:22 AM: [-] Successfully killed OneDrive process
3/31/2025 1:34:22 AM: [~] Killing OneDrive: Id=30892, SessionId=0, StartTime=3/31/2025 1:34:22 AM
3/31/2025 1:34:22 AM: [-] Successfully killed OneDrive process
3/31/2025 1:34:51 AM: [~] Attempting to start OneDrive...
3/31/2025 1:34:51 AM: [+] Started OneDrive from: C:\\Program Files\\Microsoft OneDrive\\OneDrive.exe
3/31/2025 1:34:52 AM: [~] Attempting to kill OneDrive...
3/31/2025 1:34:52 AM: [~] Killing OneDrive: Id=37464, SessionId=0, StartTime=3/31/2025 1:34:51 AM
3/31/2025 1:34:52 AM: [-] Successfully killed OneDrive process
3/31/2025 1:34:52 AM: [~] Killing OneDrive: Id=40688, SessionId=0, StartTime=3/31/2025 1:34:52 AM
3/31/2025 1:34:52 AM: [-] Successfully killed OneDrive process
3/31/2025 1:35:21 AM: [~] Attempting to start OneDrive...
3/31/2025 1:35:21 AM: [+] Started OneDrive from: C:\\Program Files\\Microsoft OneDrive\\OneDrive.exe
3/31/2025 1:35:22 AM: [~] Attempting to kill OneDrive...
3/31/2025 1:35:22 AM: [~] Killing OneDrive: Id=25876, SessionId=0, StartTime=3/31/2025 1:35:21 AM
3/31/2025 1:35:22 AM: [-] Successfully killed OneDrive process
3/31/2025 1:35:22 AM: [~] Killing OneDrive: Id=28180, SessionId=0, StartTime=3/31/2025 1:35:22 AM
3/31/2025 1:35:22 AM: [-] Successfully killed OneDrive process
3/31/2025 1:35:51 AM: [~] Attempting to start OneDrive...
3/31/2025 1:35:51 AM: [+] Started OneDrive from: C:\\Program Files\\Microsoft OneDrive\\OneDrive.exe
3/31/2025 1:35:52 AM: [~] Attempting to kill OneDrive...
3/31/2025 1:35:52 AM: [~] Killing OneDrive: Id=12616, SessionId=0, StartTime=3/31/2025 1:35:51 AM
3/31/2025 1:35:52 AM: [-] Successfully killed OneDrive process
3/31/2025 1:35:52 AM: [~] Killing OneDrive: Id=28664, SessionId=0, StartTime=3/31/2025 1:35:52 AM
3/31/2025 1:35:52 AM: [-] Successfully killed OneDrive process
3/31/2025 1:36:21 AM: [~] Attempting to start OneDrive...
3/31/2025 1:36:21 AM: [+] Started OneDrive from: C:\\Program Files\\Microsoft OneDrive\\OneDrive.exe
3/31/2025 1:36:22 AM: [~] Attempting to kill OneDrive...
3/31/2025 1:36:22 AM: [~] Killing OneDrive: Id=29336, SessionId=0, StartTime=3/31/2025 1:36:21 AM
3/31/2025 1:36:22 AM: [-] Successfully killed OneDrive process
3/31/2025 1:36:22 AM: [~] Killing OneDrive: Id=46200, SessionId=0, StartTime=3/31/2025 1:36:22 AM
3/31/2025 1:36:22 AM: [-] Successfully killed OneDrive process
3/31/2025 1:36:51 AM: [~] Attempting to start OneDrive...
3/31/2025 1:36:52 AM: [+] Started OneDrive from: C:\\Program Files\\Microsoft OneDrive\\OneDrive.exe
3/31/2025 1:36:52 AM: [~] Attempting to kill OneDrive...
3/31/2025 1:36:52 AM: [~] Killing OneDrive: Id=5292, SessionId=0, StartTime=3/31/2025 1:36:51 AM
3/31/2025 1:36:52 AM: [-] Successfully killed OneDrive process
3/31/2025 1:36:52 AM: [~] Killing OneDrive: Id=11204, SessionId=0, StartTime=3/31/2025 1:36:52 AM
3/31/2025 1:36:52 AM: [-] Successfully killed OneDrive process
3/31/2025 1:37:22 AM: [~] Attempting to start OneDrive...
3/31/2025 1:37:22 AM: [+] Started OneDrive from: C:\\Program Files\\Microsoft OneDrive\\OneDrive.exe
3/31/2025 1:37:22 AM: [~] Attempting to kill OneDrive...
3/31/2025 1:37:22 AM: [~] Killing OneDrive: Id=22512, SessionId=0, StartTime=3/31/2025 1:37:22 AM
3/31/2025 1:37:22 AM: [-] Successfully killed OneDrive process
3/31/2025 1:37:22 AM: [!] Error killing OneDrive: Cannot process request because the process (32308) has exited.
3/31/2025 1:37:52 AM: [~] Attempting to start OneDrive...
3/31/2025 1:37:52 AM: [+] Started OneDrive from: C:\\Program Files\\Microsoft OneDrive\\OneDrive.exe
3/31/2025 1:37:52 AM: [~] Attempting to kill OneDrive...
3/31/2025 1:37:52 AM: [~] Killing OneDrive: Id=44276, SessionId=0, StartTime=3/31/2025 1:37:52 AM
3/31/2025 1:37:52 AM: [-] Successfully killed OneDrive process
3/31/2025 1:37:52 AM: [!] Error killing OneDrive: Cannot process request because the process (3368) has exited.
3/31/2025 1:38:22 AM: [~] Attempting to start OneDrive...
3/31/2025 1:38:22 AM: [+] Started OneDrive from: C:\\Program Files\\Microsoft OneDrive\\OneDrive.exe
3/31/2025 1:38:22 AM: [~] Attempting to kill OneDrive...
3/31/2025 1:38:22 AM: [~] Killing OneDrive: Id=49680, SessionId=0, StartTime=3/31/2025 1:38:22 AM
3/31/2025 1:38:22 AM: [-] Successfully killed OneDrive process
3/31/2025 1:38:22 AM: [!] Error killing OneDrive: Cannot process request because the process (404) has exited.
3/31/2025 1:38:52 AM: [~] Attempting to start OneDrive...
3/31/2025 1:38:52 AM: [+] Started OneDrive from: C:\\Program Files\\Microsoft OneDrive\\OneDrive.exe
3/31/2025 1:38:52 AM: [~] Attempting to kill OneDrive...
3/31/2025 1:38:52 AM: [~] Killing OneDrive: Id=49748, SessionId=0, StartTime=3/31/2025 1:38:52 AM
3/31/2025 1:38:53 AM: [-] Successfully killed OneDrive process
3/31/2025 1:38:53 AM: [!] Error killing OneDrive: Cannot process request because the process (31084) has exited.
3/31/2025 1:39:22 AM: [~] Attempting to start OneDrive...
3/31/2025 1:39:22 AM: [+] Started OneDrive from: C:\\Program Files\\Microsoft OneDrive\\OneDrive.exe
3/31/2025 1:39:23 AM: [~] Attempting to kill OneDrive...
3/31/2025 1:39:23 AM: [~] Killing OneDrive: Id=32864, SessionId=0, StartTime=3/31/2025 1:39:22 AM
3/31/2025 1:39:23 AM: [-] Successfully killed OneDrive process
3/31/2025 1:39:52 AM: [~] Attempting to start OneDrive...
3/31/2025 1:39:52 AM: [+] Started OneDrive from: C:\\Program Files\\Microsoft OneDrive\\OneDrive.exe
3/31/2025 1:39:53 AM: [~] Attempting to kill OneDrive...
3/31/2025 1:39:53 AM: [~] Killing OneDrive: Id=24272, SessionId=0, StartTime=3/31/2025 1:39:52 AM
3/31/2025 1:39:53 AM: [-] Successfully killed OneDrive process
3/31/2025 1:40:22 AM: [~] Attempting to start OneDrive...
3/31/2025 1:40:22 AM: [+] Started OneDrive from: C:\\Program Files\\Microsoft OneDrive\\OneDrive.exe
3/31/2025 1:40:23 AM: [~] Attempting to kill OneDrive...
3/31/2025 1:40:23 AM: [~] Killing OneDrive: Id=44912, SessionId=0, StartTime=3/31/2025 1:40:22 AM
3/31/2025 1:40:23 AM: [-] Successfully killed OneDrive process
3/31/2025 1:40:52 AM: [~] Attempting to start OneDrive...
3/31/2025 1:40:52 AM: [+] Started OneDrive from: C:\\Program Files\\Microsoft OneDrive\\OneDrive.exe
3/31/2025 1:40:53 AM: [~] Attempting to kill OneDrive...
3/31/2025 1:40:53 AM: [~] Killing OneDrive: Id=15080, SessionId=0, StartTime=3/31/2025 1:40:52 AM
3/31/2025 1:40:53 AM: [-] Successfully killed OneDrive process
3/31/2025 1:41:22 AM: [~] Attempting to start OneDrive...
3/31/2025 1:41:23 AM: [+] Started OneDrive from: C:\\Program Files\\Microsoft OneDrive\\OneDrive.exe
3/31/2025 1:41:23 AM: [~] Attempting to kill OneDrive...
3/31/2025 1:41:23 AM: [~] Killing OneDrive: Id=47436, SessionId=0, StartTime=3/31/2025 1:41:22 AM
3/31/2025 1:41:23 AM: [-] Successfully killed OneDrive process
3/31/2025 1:41:53 AM: [~] Attempting to start OneDrive...
3/31/2025 1:41:53 AM: [+] Started OneDrive from: C:\\Program Files\\Microsoft OneDrive\\OneDrive.exe
3/31/2025 1:41:53 AM: [~] Attempting to kill OneDrive...
3/31/2025 1:41:53 AM: [~] Killing OneDrive: Id=44980, SessionId=0, StartTime=3/31/2025 1:41:53 AM
3/31/2025 1:41:53 AM: [-] Successfully killed OneDrive process
3/31/2025 1:42:23 AM: [~] Attempting to start OneDrive...
3/31/2025 1:42:23 AM: [+] Started OneDrive from: C:\\Program Files\\Microsoft OneDrive\\OneDrive.exe
3/31/2025 1:42:23 AM: [~] Attempting to kill OneDrive...
3/31/2025 1:42:23 AM: [~] Killing OneDrive: Id=34304, SessionId=0, StartTime=3/31/2025 1:42:23 AM
3/31/2025 1:42:23 AM: [-] Successfully killed OneDrive process
3/31/2025 1:42:53 AM: [~] Attempting to start OneDrive...
3/31/2025 1:42:53 AM: [~] Attempting to kill OneDrive...
3/31/2025 1:42:53 AM: [~] Killing OneDrive: Id=27712, SessionId=0, StartTime=3/31/2025 1:42:53 AM
3/31/2025 1:42:53 AM: [-] Successfully killed OneDrive process
3/31/2025 1:42:53 AM: [!] Failed to start OneDrive from C:\\Program Files\\Microsoft OneDrive\\OneDrive.exe: An error occurred trying to start process 'C:\\Program Files\\Microsoft OneDrive\\OneDrive.exe' with working directory 'C:\Users\sarah\Documents\OneDriveControlService\BackgroundService\publish'. Access is denied.
3/31/2025 1:42:53 AM: [!] OneDrive executable not found in common paths.
3/31/2025 1:43:23 AM: [~] Attempting to start OneDrive...
3/31/2025 1:43:23 AM: [+] Started OneDrive from: C:\\Program Files\\Microsoft OneDrive\\OneDrive.exe
3/31/2025 1:43:53 AM: [~] Attempting to start OneDrive...
3/31/2025 1:43:53 AM: [+] Started OneDrive from: C:\\Program Files\\Microsoft OneDrive\\OneDrive.exe
3/31/2025 1:44:23 AM: [~] Attempting to start OneDrive...
3/31/2025 1:44:23 AM: [+] Started OneDrive from: C:\\Program Files\\Microsoft OneDrive\\OneDrive.exe
3/31/2025 1:44:53 AM: [~] Attempting to start OneDrive...
3/31/2025 1:44:53 AM: [+] Started OneDrive from: C:\\Program Files\\Microsoft OneDrive\\OneDrive.exe
3/31/2025 1:45:23 AM: [~] Attempting to start OneDrive...
3/31/2025 1:45:23 AM: [+] Started OneDrive from: C:\\Program Files\\Microsoft OneDrive\\OneDrive.exe
3/31/2025 1:45:53 AM: [~] Attempting to start OneDrive...
3/31/2025 1:45:54 AM: [+] Started OneDrive from: C:\\Program Files\\Microsoft OneDrive\\OneDrive.exe
3/31/2025 1:46:24 AM: [~] Attempting to start OneDrive...
3/31/2025 1:46:24 AM: [+] Started OneDrive from: C:\\Program Files\\Microsoft OneDrive\\OneDrive.exe
3/31/2025 1:46:54 AM: [~] Attempting to start OneDrive...
3/31/2025 1:46:54 AM: [+] Started OneDrive from: C:\\Program Files\\Microsoft OneDrive\\OneDrive.exe
3/31/2025 1:47:24 AM: [~] Attempting to start OneDrive...
3/31/2025 1:47:24 AM: [+] Started OneDrive from: C:\\Program Files\\Microsoft OneDrive\\OneDrive.exe
3/31/2025 1:47:54 AM: [~] Attempting to start OneDrive...
3/31/2025 1:47:54 AM: [+] Started OneDrive from: C:\\Program Files\\Microsoft OneDrive\\OneDrive.exe
3/31/2025 1:48:24 AM: [~] Attempting to start OneDrive...
3/31/2025 1:48:24 AM: [+] Started OneDrive from: C:\\Program Files\\Microsoft OneDrive\\OneDrive.exe
3/31/2025 1:48:54 AM: [~] Attempting to start OneDrive...
3/31/2025 1:48:54 AM: [+] Started OneDrive from: C:\\Program Files\\Microsoft OneDrive\\OneDrive.exe
3/31/2025 1:49:24 AM: [~] Attempting to start OneDrive...
3/31/2025 1:49:24 AM: [+] Started OneDrive from: C:\\Program Files\\Microsoft OneDrive\\OneDrive.exe
3/31/2025 1:49:54 AM: [~] Attempting to start OneDrive...
3/31/2025 1:49:54 AM: [+] Started OneDrive from: C:\\Program Files\\Microsoft OneDrive\\OneDrive.exe
3/31/2025 1:50:24 AM: [~] Attempting to start OneDrive...
3/31/2025 1:50:25 AM: [+] Started OneDrive from: C:\\Program Files\\Microsoft OneDrive\\OneDrive.exe
3/31/2025 1:50:55 AM: [~] Attempting to start OneDrive...
3/31/2025 1:50:55 AM: [+] Started OneDrive from: C:\\Program Files\\Microsoft OneDrive\\OneDrive.exe
3/31/2025 1:51:25 AM: [~] Attempting to start OneDrive...
3/31/2025 1:51:25 AM: [+] Started OneDrive from: C:\\Program Files\\Microsoft OneDrive\\OneDrive.exe
3/31/2025 1:51:55 AM: [~] Attempting to start OneDrive...
3/31/2025 1:51:55 AM: [+] Started OneDrive from: C:\\Program Files\\Microsoft OneDrive\\OneDrive.exe
3/31/2025 1:52:25 AM: [~] Attempting to start OneDrive...
3/31/2025 1:52:25 AM: [+] Started OneDrive from: C:\\Program Files\\Microsoft OneDrive\\OneDrive.exe
3/31/2025 1:52:55 AM: [~] Attempting to start OneDrive...
3/31/2025 1:52:55 AM: [+] Started OneDrive from: C:\\Program Files\\Microsoft OneDrive\\OneDrive.exe
3/31/2025 1:53:25 AM: [~] Attempting to start OneDrive...
3/31/2025 1:53:25 AM: [+] Started OneDrive from: C:\\Program Files\\Microsoft OneDrive\\OneDrive.exe
3/31/2025 1:53:55 AM: [~] Attempting to start OneDrive...
3/31/2025 1:53:55 AM: [+] Started OneDrive from: C:\\Program Files\\Microsoft OneDrive\\OneDrive.exe
3/31/2025 1:54:25 AM: [~] Attempting to start OneDrive...
3/31/2025 1:54:25 AM: [+] Started OneDrive from: C:\\Program Files\\Microsoft OneDrive\\OneDrive.exe
3/31/2025 1:54:55 AM: [~] Attempting to start OneDrive...
3/31/2025 1:54:56 AM: [+] Started OneDrive from: C:\\Program Files\\Microsoft OneDrive\\OneDrive.exe
3/31/2025 1:55:26 AM: [~] Attempting to start OneDrive...
3/31/2025 1:55:26 AM: [+] Started OneDrive from: C:\\Program Files\\Microsoft OneDrive\\OneDrive.exe
3/31/2025 1:55:56 AM: [~] Attempting to start OneDrive...
3/31/2025 1:55:56 AM: [+] Started OneDrive from: C:\\Program Files\\Microsoft OneDrive\\OneDrive.exe
3/31/2025 1:56:26 AM: [~] Attempting to start OneDrive...
3/31/2025 1:56:26 AM: [+] Started OneDrive from: C:\\Program Files\\Microsoft OneDrive\\OneDrive.exe
3/31/2025 1:56:56 AM: [~] Attempting to start OneDrive...
3/31/2025 1:56:56 AM: [+] Started OneDrive from: C:\\Program Files\\Microsoft OneDrive\\OneDrive.exe
3/31/2025 1:57:26 AM: [~] Attempting to start OneDrive...
3/31/2025 1:57:26 AM: [+] Started OneDrive from: C:\\Program Files\\Microsoft OneDrive\\OneDrive.exe
3/31/2025 1:57:56 AM: [~] Attempting to start OneDrive...
3/31/2025 1:57:56 AM: [+] Started OneDrive from: C:\\Program Files\\Microsoft OneDrive\\OneDrive.exe
3/31/2025 1:58:26 AM: [~] Attempting to start OneDrive...
3/31/2025 1:58:26 AM: [+] Started OneDrive from: C:\\Program Files\\Microsoft OneDrive\\OneDrive.exe
3/31/2025 1:58:56 AM: [~] Attempting to start OneDrive...
3/31/2025 1:58:56 AM: [+] Started OneDrive from: C:\\Program Files\\Microsoft OneDrive\\OneDrive.exe
3/31/2025 1:59:26 AM: [~] Attempting to start OneDrive...
3/31/2025 1:59:27 AM: [+] Started OneDrive from: C:\\Program Files\\Microsoft OneDrive\\OneDrive.exe
3/31/2025 1:59:57 AM: [~] Attempting to start OneDrive...
3/31/2025 1:59:57 AM: [+] Started OneDrive from: C:\\Program Files\\Microsoft OneDrive\\OneDrive.exe
3/31/2025 2:00:27 AM: [~] Attempting to start OneDrive...
3/31/2025 2:00:27 AM: [+] Started OneDrive from: C:\\Program Files\\Microsoft OneDrive\\OneDrive.exe
3/31/2025 2:00:57 AM: [~] Attempting to start OneDrive...
3/31/2025 2:00:57 AM: [+] Started OneDrive from: C:\\Program Files\\Microsoft OneDrive\\OneDrive.exe
3/31/2025 2:01:27 AM: [~] Attempting to start OneDrive...
3/31/2025 2:01:27 AM: [+] Started OneDrive from: C:\\Program Files\\Microsoft OneDrive\\OneDrive.exe
3/31/2025 2:01:57 AM: [~] Attempting to start OneDrive...
3/31/2025 2:01:57 AM: [+] Started OneDrive from: C:\\Program Files\\Microsoft OneDrive\\OneDrive.exe
3/31/2025 2:02:27 AM: [~] Attempting to start OneDrive...
3/31/2025 2:02:27 AM: [+] Started OneDrive from: C:\\Program Files\\Microsoft OneDrive\\OneDrive.exe
3/31/2025 2:02:57 AM: [~] Attempting to start OneDrive...
3/31/2025 2:02:57 AM: [+] Started OneDrive from: C:\\Program Files\\Microsoft OneDrive\\OneDrive.exe
3/31/2025 2:03:27 AM: [~] Attempting to start OneDrive...
3/31/2025 2:03:27 AM: [+] Started OneDrive from: C:\\Program Files\\Microsoft OneDrive\\OneDrive.exe
3/31/2025 2:03:57 AM: [~] Attempting to start OneDrive...
3/31/2025 2:03:58 AM: [+] Started OneDrive from: C:\\Program Files\\Microsoft OneDrive\\OneDrive.exe
3/31/2025 2:04:28 AM: [~] Attempting to start OneDrive...
3/31/2025 2:04:28 AM: [+] Started OneDrive from: C:\\Program Files\\Microsoft OneDrive\\OneDrive.exe
3/31/2025 2:04:58 AM: [~] Attempting to start OneDrive...
3/31/2025 2:04:58 AM: [+] Started OneDrive from: C:\\Program Files\\Microsoft OneDrive\\OneDrive.exe
3/31/2025 2:05:28 AM: [~] Attempting to start OneDrive...
3/31/2025 2:05:28 AM: [+] Started OneDrive from: C:\\Program Files\\Microsoft OneDrive\\OneDrive.exe
3/31/2025 2:05:58 AM: [~] Attempting to start OneDrive...
3/31/2025 2:05:58 AM: [+] Started OneDrive from: C:\\Program Files\\Microsoft OneDrive\\OneDrive.exe
3/31/2025 2:06:28 AM: [~] Attempting to start OneDrive...
3/31/2025 2:06:28 AM: [+] Started OneDrive from: C:\\Program Files\\Microsoft OneDrive\\OneDrive.exe
3/31/2025 2:06:58 AM: [~] Attempting to start OneDrive...
3/31/2025 2:06:58 AM: [+] Started OneDrive from: C:\\Program Files\\Microsoft OneDrive\\OneDrive.exe
3/31/2025 2:07:28 AM: [~] Attempting to start OneDrive...
3/31/2025 2:07:28 AM: [+] Started OneDrive from: C:\\Program Files\\Microsoft OneDrive\\OneDrive.exe
3/31/2025 2:07:58 AM: [~] Attempting to start OneDrive...
3/31/2025 2:07:58 AM: [+] Started OneDrive from: C:\\Program Files\\Microsoft OneDrive\\OneDrive.exe
3/31/2025 2:08:28 AM: [~] Attempting to start OneDrive...
3/31/2025 2:08:28 AM: [+] Started OneDrive from: C:\\Program Files\\Microsoft OneDrive\\OneDrive.exe
3/31/2025 2:08:58 AM: [~] Attempting to start OneDrive...
3/31/2025 2:08:59 AM: [+] Started OneDrive from: C:\\Program Files\\Microsoft OneDrive\\OneDrive.exe
3/31/2025 2:09:29 AM: [~] Attempting to start OneDrive...
3/31/2025 2:09:29 AM: [+] Started OneDrive from: C:\\Program Files\\Microsoft OneDrive\\OneDrive.exe
3/31/2025 2:09:59 AM: [~] Attempting to start OneDrive...
3/31/2025 2:09:59 AM: [+] Started OneDrive from: C:\\Program Files\\Microsoft OneDrive\\OneDrive.exe
3/31/2025 2:10:29 AM: [~] Attempting to start OneDrive...
3/31/2025 2:10:29 AM: [+] Started OneDrive from: C:\\Program Files\\Microsoft OneDrive\\OneDrive.exe
3/31/2025 2:10:59 AM: [~] Attempting to start OneDrive...
3/31/2025 2:10:59 AM: [+] Started OneDrive from: C:\\Program Files\\Microsoft OneDrive\\OneDrive.exe
3/31/2025 2:11:29 AM: [~] Attempting to start OneDrive...
3/31/2025 2:11:29 AM: [+] Started OneDrive from: C:\\Program Files\\Microsoft OneDrive\\OneDrive.exe
3/31/2025 2:11:59 AM: [~] Attempting to start OneDrive...
3/31/2025 2:11:59 AM: [+] Started OneDrive from: C:\\Program Files\\Microsoft OneDrive\\OneDrive.exe
3/31/2025 2:12:29 AM: [~] Attempting to start OneDrive...
3/31/2025 2:12:29 AM: [+] Started OneDrive from: C:\\Program Files\\Microsoft OneDrive\\OneDrive.exe
3/31/2025 2:12:59 AM: [~] Attempting to start OneDrive...
3/31/2025 2:12:59 AM: [+] Started OneDrive from: C:\\Program Files\\Microsoft OneDrive\\OneDrive.exe
3/31/2025 2:13:29 AM: [~] Attempting to start OneDrive...
3/31/2025 2:13:29 AM: [+] Started OneDrive from: C:\\Program Files\\Microsoft OneDrive\\OneDrive.exe
3/31/2025 2:13:59 AM: [~] Attempting to start OneDrive...
3/31/2025 2:13:59 AM: [+] Started OneDrive from: C:\\Program Files\\Microsoft OneDrive\\OneDrive.exe
3/31/2025 2:14:29 AM: [~] Attempting to start OneDrive...
3/31/2025 2:14:29 AM: [+] Started OneDrive from: C:\\Program Files\\Microsoft OneDrive\\OneDrive.exe
3/31/2025 2:14:59 AM: [~] Attempting to start OneDrive...
3/31/2025 2:14:59 AM: [+] Started OneDrive from: C:\\Program Files\\Microsoft OneDrive\\OneDrive.exe
3/31/2025 2:15:29 AM: [~] Attempting to start OneDrive...
3/31/2025 2:15:29 AM: [+] Started OneDrive from: C:\\Program Files\\Microsoft OneDrive\\OneDrive.exe
3/31/2025 2:15:59 AM: [~] Attempting to start OneDrive...
3/31/2025 2:15:59 AM: [+] Started OneDrive from: C:\\Program Files\\Microsoft OneDrive\\OneDrive.exe
3/31/2025 2:16:29 AM: [~] Attempting to start OneDrive...
3/31/2025 2:16:29 AM: [+] Started OneDrive from: C:\\Program Files\\Microsoft OneDrive\\OneDrive.exe
3/31/2025 2:16:59 AM: [~] Attempting to start OneDrive...
3/31/2025 2:16:59 AM: [+] Started OneDrive from: C:\\Program Files\\Microsoft OneDrive\\OneDrive.exe
3/31/2025 2:17:29 AM: [~] Attempting to start OneDrive...
3/31/2025 2:17:29 AM: [+] Started OneDrive from: C:\\Program Files\\Microsoft OneDrive\\OneDrive.exe
3/31/2025 2:17:59 AM: [~] Attempting to start OneDrive...
3/31/2025 2:17:59 AM: [+] Started OneDrive from: C:\\Program Files\\Microsoft OneDrive\\OneDrive.exe
3/31/2025 2:18:29 AM: [~] Attempting to start OneDrive...
3/31/2025 2:18:29 AM: [+] Started OneDrive from: C:\\Program Files\\Microsoft OneDrive\\OneDrive.exe
3/31/2025 2:18:59 AM: [~] Attempting to start OneDrive...
3/31/2025 2:18:59 AM: [+] Started OneDrive from: C:\\Program Files\\Microsoft OneDrive\\OneDrive.exe
3/31/2025 2:19:29 AM: [~] Attempting to start OneDrive...
3/31/2025 2:19:29 AM: [+] Started OneDrive from: C:\\Program Files\\Microsoft OneDrive\\OneDrive.exe
3/31/2025 2:19:59 AM: [~] Attempting to start OneDrive...
3/31/2025 2:19:59 AM: [+] Started OneDrive from: C:\\Program Files\\Microsoft OneDrive\\OneDrive.exe
3/31/2025 2:20:29 AM: [~] Attempting to start OneDrive...
3/31/2025 2:20:29 AM: [+] Started OneDrive from: C:\\Program Files\\Microsoft OneDrive\\OneDrive.exe
3/31/2025 2:20:59 AM: [~] Attempting to start OneDrive...
3/31/2025 2:20:59 AM: [+] Started OneDrive from: C:\\Program Files\\Microsoft OneDrive\\OneDrive.exe
3/31/2025 2:21:29 AM: [~] Attempting to start OneDrive...
3/31/2025 2:21:29 AM: [+] Started OneDrive from: C:\\Program Files\\Microsoft OneDrive\\OneDrive.exe
3/31/2025 2:21:59 AM: [~] Attempting to start OneDrive...
3/31/2025 2:21:59 AM: [+] Started OneDrive from: C:\\Program Files\\Microsoft OneDrive\\OneDrive.exe
3/31/2025 2:22:29 AM: [~] Attempting to start OneDrive...
3/31/2025 2:22:29 AM: [+] Started OneDrive from: C:\\Program Files\\Microsoft OneDrive\\OneDrive.exe
3/31/2025 2:22:59 AM: [~] Attempting to start OneDrive...
3/31/2025 2:22:59 AM: [+] Started OneDrive from: C:\\Program Files\\Microsoft OneDrive\\OneDrive.exe
3/31/2025 2:23:29 AM: [~] Attempting to start OneDrive...
3/31/2025 2:23:29 AM: [+] Started OneDrive from: C:\\Program Files\\Microsoft OneDrive\\OneDrive.exe
3/31/2025 2:23:59 AM: [~] Attempting to start OneDrive...
3/31/2025 2:23:59 AM: [+] Started OneDrive from: C:\\Program Files\\Microsoft OneDrive\\OneDrive.exe
3/31/2025 2:24:29 AM: [~] Attempting to start OneDrive...
3/31/2025 2:24:29 AM: [+] Started OneDrive from: C:\\Program Files\\Microsoft OneDrive\\OneDrive.exe
3/31/2025 2:24:59 AM: [~] Attempting to start OneDrive...
3/31/2025 2:24:59 AM: [+] Started OneDrive from: C:\\Program Files\\Microsoft OneDrive\\OneDrive.exe
3/31/2025 2:25:29 AM: [~] Attempting to start OneDrive...
3/31/2025 2:25:29 AM: [+] Started OneDrive from: C:\\Program Files\\Microsoft OneDrive\\OneDrive.exe
3/31/2025 2:25:59 AM: [~] Attempting to start OneDrive...
3/31/2025 2:25:59 AM: [+] Started OneDrive from: C:\\Program Files\\Microsoft OneDrive\\OneDrive.exe
3/31/2025 2:26:29 AM: [~] Attempting to start OneDrive...
3/31/2025 2:26:29 AM: [+] Started OneDrive from: C:\\Program Files\\Microsoft OneDrive\\OneDrive.exe
3/31/2025 2:26:59 AM: [~] Attempting to start OneDrive...
3/31/2025 2:26:59 AM: [+] Started OneDrive from: C:\\Program Files\\Microsoft OneDrive\\OneDrive.exe
3/31/2025 2:27:29 AM: [~] Attempting to start OneDrive...
3/31/2025 2:27:29 AM: [+] Started OneDrive from: C:\\Program Files\\Microsoft OneDrive\\OneDrive.exe
3/31/2025 2:27:59 AM: [~] Attempting to start OneDrive...
3/31/2025 2:27:59 AM: [+] Started OneDrive from: C:\\Program Files\\Microsoft OneDrive\\OneDrive.exe
3/31/2025 2:28:29 AM: [~] Attempting to start OneDrive...
3/31/2025 2:28:29 AM: [+] Started OneDrive from: C:\\Program Files\\Microsoft OneDrive\\OneDrive.exe
3/31/2025 2:28:59 AM: [~] Attempting to start OneDrive...
3/31/2025 2:28:59 AM: [+] Started OneDrive from: C:\\Program Files\\Microsoft OneDrive\\OneDrive.exe
3/31/2025 2:29:29 AM: [~] Attempting to start OneDrive...
3/31/2025 2:29:29 AM: [+] Started OneDrive from: C:\\Program Files\\Microsoft OneDrive\\OneDrive.exe
3/31/2025 2:29:59 AM: [~] Attempting to start OneDrive...
3/31/2025 2:29:59 AM: [+] Started OneDrive from: C:\\Program Files\\Microsoft OneDrive\\OneDrive.exe
3/31/2025 2:30:29 AM: [~] Attempting to start OneDrive...
3/31/2025 2:30:29 AM: [+] Started OneDrive from: C:\\Program Files\\Microsoft OneDrive\\OneDrive.exe
3/31/2025 2:30:59 AM: [~] Attempting to start OneDrive...
3/31/2025 2:30:59 AM: [+] Started OneDrive from: C:\\Program Files\\Microsoft OneDrive\\OneDrive.exe
3/31/2025 2:31:29 AM: [~] Attempting to start OneDrive...
3/31/2025 2:31:29 AM: [+] Started OneDrive from: C:\\Program Files\\Microsoft OneDrive\\OneDrive.exe
3/31/2025 2:31:59 AM: [~] Attempting to start OneDrive...
3/31/2025 2:31:59 AM: [+] Started OneDrive from: C:\\Program Files\\Microsoft OneDrive\\OneDrive.exe
3/31/2025 2:32:29 AM: [~] Attempting to start OneDrive...
3/31/2025 2:32:29 AM: [+] Started OneDrive from: C:\\Program Files\\Microsoft OneDrive\\OneDrive.exe
3/31/2025 2:32:59 AM: [~] Attempting to start OneDrive...
3/31/2025 2:32:59 AM: [+] Started OneDrive from: C:\\Program Files\\Microsoft OneDrive\\OneDrive.exe
3/31/2025 2:33:29 AM: [~] Attempting to start OneDrive...
3/31/2025 2:33:29 AM: [+] Started OneDrive from: C:\\Program Files\\Microsoft OneDrive\\OneDrive.exe
3/31/2025 2:33:59 AM: [~] Attempting to start OneDrive...
3/31/2025 2:33:59 AM: [+] Started OneDrive from: C:\\Program Files\\Microsoft OneDrive\\OneDrive.exe
3/31/2025 2:34:29 AM: [~] Attempting to start OneDrive...
3/31/2025 2:34:29 AM: [+] Started OneDrive from: C:\\Program Files\\Microsoft OneDrive\\OneDrive.exe
3/31/2025 2:34:59 AM: [~] Attempting to start OneDrive...
3/31/2025 2:34:59 AM: [+] Started OneDrive from: C:\\Program Files\\Microsoft OneDrive\\OneDrive.exe
3/31/2025 2:35:29 AM: [~] Attempting to start OneDrive...
3/31/2025 2:35:29 AM: [+] Started OneDrive from: C:\\Program Files\\Microsoft OneDrive\\OneDrive.exe
3/31/2025 2:35:59 AM: [~] Attempting to start OneDrive...
3/31/2025 2:35:59 AM: [+] Started OneDrive from: C:\\Program Files\\Microsoft OneDrive\\OneDrive.exe
3/31/2025 2:36:29 AM: [~] Attempting to start OneDrive...
3/31/2025 2:36:29 AM: [+] Started OneDrive from: C:\\Program Files\\Microsoft OneDrive\\OneDrive.exe
3/31/2025 2:36:59 AM: [~] Attempting to start OneDrive...
3/31/2025 2:36:59 AM: [+] Started OneDrive from: C:\\Program Files\\Microsoft OneDrive\\OneDrive.exe
3/31/2025 2:37:29 AM: [~] Attempting to start OneDrive...
3/31/2025 2:37:29 AM: [+] Started OneDrive from: C:\\Program Files\\Microsoft OneDrive\\OneDrive.exe
3/31/2025 2:37:59 AM: [~] Attempting to start OneDrive...
3/31/2025 2:37:59 AM: [+] Started OneDrive from: C:\\Program Files\\Microsoft OneDrive\\OneDrive.exe
3/31/2025 2:38:29 AM: [~] Attempting to start OneDrive...
3/31/2025 2:38:29 AM: [+] Started OneDrive from: C:\\Program Files\\Microsoft OneDrive\\OneDrive.exe
